C:\Program Files (x86)\MSBuild\Microsoft.Cpp\v4.0\V140\Microsoft.CppBuild.targets(392,5): warning MSB8028: The intermediate directory (x64\Debug\) contains files shared from another project (Counter-Strike Team Coacher.vcxproj).  This can lead to incorrect clean and rebuild behavior.
  Menu.cpp
c1xx : fatal error C1083: Cannot open source file: 'Menu.cpp': No such file or directory
  main.cpp
h:\codes\pretty much base\base\empiria\includes.h(88): warning C4800: 'SHORT': forcing value to bool 'true' or 'false' (performance warning)
h:\codes\pretty much base\base\empiria\includes.h(89): warning C4800: 'SHORT': forcing value to bool 'true' or 'false' (performance warning)
h:\codes\pretty much base\base\empiria\main.cpp(13): warning C4244: 'argument': conversion from 'time_t' to 'unsigned int', possible loss of data
h:\codes\pretty much base\base\empiria\main.cpp(56): error C4996: 'sprintf': This function or variable may be unsafe. Consider using sprintf_s instead. To disable deprecation, use _CRT_SECURE_NO_WARNINGS. See online help for details.
  c:\program files (x86)\windows kits\10\include\10.0.10240.0\ucrt\stdio.h(1769): note: see declaration of 'sprintf'
  IWindow.cpp
h:\codes\pretty much base\base\empiria\includes.h(88): warning C4800: 'SHORT': forcing value to bool 'true' or 'false' (performance warning)
h:\codes\pretty much base\base\empiria\includes.h(89): warning C4800: 'SHORT': forcing value to bool 'true' or 'false' (performance warning)
h:\codes\pretty much base\base\empiria\iwindow.cpp(22): warning C4244: 'argument': conversion from 'int' to 'float', possible loss of data
h:\codes\pretty much base\base\empiria\iwindow.cpp(53): warning C4267: 'initializing': conversion from 'size_t' to 'int', possible loss of data
h:\codes\pretty much base\base\empiria\iwindow.cpp(61): warning C4244: '+=': conversion from 'float' to 'int', possible loss of data
h:\codes\pretty much base\base\empiria\iwindow.cpp(65): warning C4244: 'argument': conversion from 'int' to 'float', possible loss of data
h:\codes\pretty much base\base\empiria\iwindow.cpp(67): warning C4244: '+=': conversion from 'float' to 'int', possible loss of data
h:\codes\pretty much base\base\empiria\iwindow.cpp(90): warning C4244: 'argument': conversion from 'int' to 'float', possible loss of data
h:\codes\pretty much base\base\empiria\iwindow.cpp(99): warning C4244: 'argument': conversion from 'int' to 'float', possible loss of data
  ITek.cpp
h:\codes\pretty much base\base\empiria\itek.cpp(63): warning C4018: '<': signed/unsigned mismatch
h:\codes\pretty much base\base\empiria\itek.cpp(77): warning C4244: '=': conversion from '__int64' to 'int', possible loss of data
h:\codes\pretty much base\base\empiria\itek.cpp(95): warning C4244: '=': conversion from '__int64' to 'unsigned int', possible loss of data
h:\codes\pretty much base\base\empiria\itek.cpp(96): warning C4244: '+=': conversion from '__int64' to 'int', possible loss of data
h:\codes\pretty much base\base\empiria\itek.cpp(105): warning C4267: '+=': conversion from 'size_t' to 'int', possible loss of data
h:\codes\pretty much base\base\empiria\itek.cpp(130): warning C4244: '+=': conversion from '__int64' to 'int', possible loss of data
h:\codes\pretty much base\base\empiria\itek.cpp(162): warning C4018: '<': signed/unsigned mismatch
h:\codes\pretty much base\base\empiria\itek.cpp(176): warning C4244: '=': conversion from '__int64' to 'int', possible loss of data
h:\codes\pretty much base\base\empiria\itek.cpp(194): warning C4244: '=': conversion from '__int64' to 'unsigned int', possible loss of data
h:\codes\pretty much base\base\empiria\itek.cpp(195): warning C4244: '+=': conversion from '__int64' to 'int', possible loss of data
h:\codes\pretty much base\base\empiria\itek.cpp(204): warning C4267: '+=': conversion from 'size_t' to 'int', possible loss of data
h:\codes\pretty much base\base\empiria\itek.cpp(269): warning C4018: '<': signed/unsigned mismatch
h:\codes\pretty much base\base\empiria\itek.cpp(283): warning C4244: '=': conversion from '__int64' to 'int', possible loss of data
h:\codes\pretty much base\base\empiria\itek.cpp(301): warning C4244: '=': conversion from '__int64' to 'unsigned int', possible loss of data
h:\codes\pretty much base\base\empiria\itek.cpp(302): warning C4244: '+=': conversion from '__int64' to 'int', possible loss of data
h:\codes\pretty much base\base\empiria\itek.cpp(311): warning C4267: '+=': conversion from 'size_t' to 'int', possible loss of data
h:\codes\pretty much base\base\empiria\itek.cpp(349): warning C4018: '<': signed/unsigned mismatch
  gamestructs.cpp
  FileSys.cpp
h:\codes\pretty much base\base\empiria\filesys.cpp(37): warning C4018: '<': signed/unsigned mismatch
  fastParser.cpp
h:\codes\pretty much base\base\empiria\fastparser.cpp(33): warning C4267: 'initializing': conversion from 'size_t' to 'int', possible loss of data
h:\codes\pretty much base\base\empiria\fastparser.cpp(78): warning C4267: '=': conversion from 'size_t' to 'int', possible loss of data
h:\codes\pretty much base\base\empiria\fastparser.cpp(95): warning C4312: 'type cast': conversion from 'DWORD' to 'char *' of greater size
h:\codes\pretty much base\base\empiria\fastparser.cpp(105): warning C4267: 'initializing': conversion from 'size_t' to 'int', possible loss of data
h:\codes\pretty much base\base\empiria\fastparser.cpp(124): warning C4267: 'initializing': conversion from 'size_t' to 'int', possible loss of data
h:\codes\pretty much base\base\empiria\fastparser.cpp(137): warning C4800: 'int': forcing value to bool 'true' or 'false' (performance warning)
h:\codes\pretty much base\base\empiria\fastparser.cpp(145): warning C4267: 'initializing': conversion from 'size_t' to 'int', possible loss of data
h:\codes\pretty much base\base\empiria\fastparser.cpp(168): warning C4244: 'initializing': conversion from 'double' to 'float', possible loss of data
h:\codes\pretty much base\base\empiria\fastparser.cpp(176): warning C4267: 'initializing': conversion from 'size_t' to 'int', possible loss of data
h:\codes\pretty much base\base\empiria\fastparser.cpp(201): warning C4244: '=': conversion from '__int64' to 'int', possible loss of data
h:\codes\pretty much base\base\empiria\fastparser.cpp(275): warning C4244: '=': conversion from '__int64' to 'int', possible loss of data
h:\codes\pretty much base\base\empiria\fastparser.cpp(492): warning C4267: 'initializing': conversion from 'size_t' to 'int', possible loss of data
  Generating Code...
h:\codes\pretty much base\base\empiria\filesys.cpp(14): warning C4715: 'filesystem::GetFileByName': not all control paths return a value
h:\codes\pretty much base\base\empiria\filesys.cpp(57): warning C4715: 'filesystem::GetIDByName': not all control paths return a value
